<?xml version="1.0" encoding="UTF-8" ?>
<testsuite tests="1" failures="0" name="PlivoApiAutomation.RunCucumberTest" time="0.876" errors="1" skipped="0">
  <properties>
[...]
</properties>
  <testcase classname="Create a new Slack Channel" name="TC001-Create New Slack Channels with valid details" time="0.876">
    <error type="java.lang.NullPointerException">java.lang.NullPointerException
	at PlivoApiAutomation.StepDefinitions.verify_status_code(StepDefinitions.java:66)
	at ✽.the status code is 200(file:///Users/Akhtar/AutomationPlivo/PlivoApiAutomation/./src/test/resources/Features/CreateNewChannel.feature:8)
</error>
    <system-out>
@TC001 @Plivo @CreateNewChannelCases
Scenario: TC001-Create New Slack Channels with valid details &amp;#27;[90m# src/test/resources/Features/CreateNewChannel.feature:4&amp;#27;[0m
  &amp;#27;[32mGiven &amp;#27;[0m&amp;#27;[32mRequest headers&amp;#27;[0m                                      &amp;#27;[90m# PlivoApiAutomation.StepDefinitions.request_headers_are(io.cucumber.datatable.DataTable)&amp;#27;[0m
  &amp;#27;[31mThen &amp;#27;[0m&amp;#27;[31mthe status code is &amp;#27;[0m&amp;#27;[31m&amp;#27;[1m200&amp;#27;[0m                                &amp;#27;[90m# PlivoApiAutomation.StepDefinitions.verify_status_code(int)&amp;#27;[0m
      &amp;#27;[31mjava.lang.NullPointerException
	at PlivoApiAutomation.StepDefinitions.verify_status_code(StepDefinitions.java:66)
	at ?.the status code is 200(file:///Users/Akhtar/AutomationPlivo/PlivoApiAutomation/./src/test/resources/Features/CreateNewChannel.feature:8)
&amp;#27;[0m
</system-out>
  </testcase>
</testsuite>